<?xml version="1.0" encoding="UTF-8"?>
<!-- Generated by org.testng.reporters.JUnitXMLReporter -->
<testsuite hostname="DESKTOP-VHDGNJ1" ignored="0" name="Test" tests="1" failures="0" timestamp="2021-05-07T20:34:58 EDT" time="0.122" errors="0">
  <testcase name="@BeforeMethod setUp" time="0.008" classname="com.shop.demoq.testcase.PlaceOrderTest">
    <failure type="java.lang.NullPointerException">
      <![CDATA[java.lang.NullPointerException
at com.shop.demoqa.base.ShopDemoQaBase.initialization(ShopDemoQaBase.java:35)
at com.shop.demoq.testcase.PlaceOrderTest.setUp(PlaceOrderTest.java:22)
at java.util.ArrayList.forEach(ArrayList.java:1257)
... Removed 31 stack frames]]>
    </failure>
  </testcase> <!-- @BeforeMethod setUp -->
  <testcase name="@AfterMethod tearDown" time="-1.620434098066E9" classname="com.shop.demoq.testcase.PlaceOrderTest">
    <skipped/>
  </testcase> <!-- @AfterMethod tearDown -->
  <testcase name="placeOrderEndToEndScenario" time="0.0" classname="com.shop.demoq.testcase.PlaceOrderTest">
    <skipped/>
  </testcase> <!-- placeOrderEndToEndScenario -->
</testsuite> <!-- Test -->
