<?xml version="1.0" encoding="UTF-8"?>
<!-- Generated by org.testng.reporters.JUnitXMLReporter -->
<testsuite hostname="DESKTOP-VHDGNJ1" ignored="0" name="Command line test" tests="2" failures="0" timestamp="2021-05-09T16:09:07 EDT" time="68.826" errors="0">
  <testcase name="placeOrderEndToEndScenario" time="26.983" classname="com.shop.demoq.testcase.PlaceOrderTest"/>
  <testcase name="placeOrderEndToEndScenario" time="11.969" classname="com.shop.demoq.testcase.PlaceOrderTest"/>
</testsuite> <!-- Command line test -->
